Build started 19/10/2015 10:23:48 PM.
     1>Project "C:\Users\jack\Documents\GitHub\C--Project\c++direct2dapp\c++direct2dapp\c++direct2dapp.vcxproj" on node 2 (Build target(s)).
     1>ClCompile:
         C:\Program Files (x86)\Microsoft Visual Studio 14.0\VC\bin\CL.exe /c /ZI /nologo /W3 /WX- /sdl /Od /Oy- /D _MBCS /Gm /EHsc /RTC1 /MDd /GS /fp:precise /Zc:wchar_t /Zc:forScope /Zc:inline /Fo"Debug\\" /Fd"Debug\vc140.pdb" /Gd /TP /analyze- /errorReport:prompt Level1.cpp
         Level1.cpp
     1>c:\users\jack\documents\github\c--project\c++direct2dapp\c++direct2dapp\level1.cpp(42): warning C4018: '<': signed/unsigned mismatch
     1>c:\users\jack\documents\github\c--project\c++direct2dapp\c++direct2dapp\level1.cpp(58): warning C4018: '<': signed/unsigned mismatch
     1>c:\users\jack\documents\github\c--project\c++direct2dapp\c++direct2dapp\level1.cpp(73): warning C4018: '<': signed/unsigned mismatch
     1>c:\users\jack\documents\github\c--project\c++direct2dapp\c++direct2dapp\level1.cpp(91): warning C4018: '<': signed/unsigned mismatch
     1>c:\users\jack\documents\github\c--project\c++direct2dapp\c++direct2dapp\level1.cpp(101): warning C4244: 'argument': conversion from 'int' to 'float', possible loss of data
     1>c:\users\jack\documents\github\c--project\c++direct2dapp\c++direct2dapp\level1.cpp(102): warning C4244: 'argument': conversion from 'int' to 'float', possible loss of data
     1>c:\users\jack\documents\github\c--project\c++direct2dapp\c++direct2dapp\level1.cpp(103): warning C4244: 'argument': conversion from 'int' to 'float', possible loss of data
     1>c:\users\jack\documents\github\c--project\c++direct2dapp\c++direct2dapp\level1.cpp(104): warning C4244: 'argument': conversion from 'int' to 'float', possible loss of data
     1>c:\users\jack\documents\github\c--project\c++direct2dapp\c++direct2dapp\level1.cpp(105): warning C4244: 'argument': conversion from 'int' to 'float', possible loss of data
     1>c:\users\jack\documents\github\c--project\c++direct2dapp\c++direct2dapp\level1.cpp(106): warning C4244: 'argument': conversion from 'int' to 'float', possible loss of data
     1>c:\users\jack\documents\github\c--project\c++direct2dapp\c++direct2dapp\level1.cpp(107): warning C4244: 'argument': conversion from 'int' to 'float', possible loss of data
     1>c:\users\jack\documents\github\c--project\c++direct2dapp\c++direct2dapp\level1.cpp(108): warning C4244: 'argument': conversion from 'int' to 'float', possible loss of data
     1>c:\users\jack\documents\github\c--project\c++direct2dapp\c++direct2dapp\level1.cpp(114): warning C4244: 'initializing': conversion from 'int' to 'float', possible loss of data
     1>c:\users\jack\documents\github\c--project\c++direct2dapp\c++direct2dapp\level1.cpp(117): warning C4244: '=': conversion from 'int' to 'float', possible loss of data
     1>c:\users\jack\documents\github\c--project\c++direct2dapp\c++direct2dapp\level1.cpp(123): warning C4244: '=': conversion from 'int' to 'float', possible loss of data
     1>c:\users\jack\documents\github\c--project\c++direct2dapp\c++direct2dapp\level1.cpp(135): warning C4244: 'argument': conversion from 'int' to 'float', possible loss of data
     1>c:\users\jack\documents\github\c--project\c++direct2dapp\c++direct2dapp\level1.cpp(139): warning C4018: '<': signed/unsigned mismatch
     1>c:\users\jack\documents\github\c--project\c++direct2dapp\c++direct2dapp\level1.cpp(153): warning C4244: 'argument': conversion from 'int' to 'float', possible loss of data
     1>c:\users\jack\documents\github\c--project\c++direct2dapp\c++direct2dapp\level1.cpp(175): warning C4018: '<': signed/unsigned mismatch
     1>c:\users\jack\documents\github\c--project\c++direct2dapp\c++direct2dapp\level1.cpp(214): warning C4018: '<': signed/unsigned mismatch
     1>c:\users\jack\documents\github\c--project\c++direct2dapp\c++direct2dapp\level1.cpp(225): warning C4018: '<': signed/unsigned mismatch
     1>c:\users\jack\documents\github\c--project\c++direct2dapp\c++direct2dapp\level1.cpp(246): warning C4018: '<': signed/unsigned mismatch
     1>c:\users\jack\documents\github\c--project\c++direct2dapp\c++direct2dapp\level1.cpp(256): warning C4018: '<': signed/unsigned mismatch
     1>c:\users\jack\documents\github\c--project\c++direct2dapp\c++direct2dapp\level1.cpp(266): warning C4018: '<': signed/unsigned mismatch
     1>c:\users\jack\documents\github\c--project\c++direct2dapp\c++direct2dapp\level1.cpp(272): warning C4018: '<': signed/unsigned mismatch
     1>c:\users\jack\documents\github\c--project\c++direct2dapp\c++direct2dapp\level1.cpp(299): warning C4244: 'argument': conversion from 'float' to 'int', possible loss of data
     1>c:\users\jack\documents\github\c--project\c++direct2dapp\c++direct2dapp\level1.cpp(302): warning C4018: '<': signed/unsigned mismatch
     1>c:\users\jack\documents\github\c--project\c++direct2dapp\c++direct2dapp\level1.cpp(315): warning C4018: '<': signed/unsigned mismatch
       Link:
         C:\Program Files (x86)\Microsoft Visual Studio 14.0\VC\bin\link.exe /ERRORREPORT:PROMPT /OUT:"C:\Users\jack\Documents\GitHub\C--Project\c++direct2dapp\Debug\c++direct2dapp.exe" /INCREMENTAL /NOLOGO windowscodecs.lib d2d1.lib kernel32.lib user32.lib gdi32.lib winspool.lib comdlg32.lib advapi32.lib shell32.lib ole32.lib oleaut32.lib uuid.lib odbc32.lib odbccp32.lib dxguid.lib kernel32.lib user32.lib gdi32.lib winspool.lib comdlg32.lib advapi32.lib shell32.lib ole32.lib oleaut32.lib uuid.lib odbc32.lib odbccp32.lib /MANIFEST /MANIFESTUAC:"level='asInvoker' uiAccess='false'" /manifest:embed /Debug /PDB:"C:\Users\jack\Documents\GitHub\C--Project\c++direct2dapp\Debug\c++direct2dapp.pdb" /TLBID:1 /DYNAMICBASE /NXCOMPAT /IMPLIB:"C:\Users\jack\Documents\GitHub\C--Project\c++direct2dapp\Debug\c++direct2dapp.lib" /MACHINE:X86 Debug\Ball.obj
         Debug\button.obj
         Debug\Camera.obj
         Debug\CollisionDetection.obj
         Debug\ExitButton.obj
         Debug\fireball.obj
         Debug\GameController.obj
         Debug\GameLevel.obj
         Debug\Graphics.obj
         Debug\gun.obj
         Debug\Level1.obj
         Debug\Level1Button.obj
         Debug\main.obj
         Debug\menu.obj
         Debug\MenuButton.obj
         Debug\Particle.obj
         Debug\ParticleCollection.obj
         Debug\Platform.obj
         Debug\player.obj
         Debug\rectangle.obj
         Debug\smokeParticle.obj
         Debug\sparkParticle.obj
         Debug\SpriteSheet.obj
         Debug\Spy.obj
         c++direct2dapp.vcxproj -> C:\Users\jack\Documents\GitHub\C--Project\c++direct2dapp\Debug\c++direct2dapp.exe
     1>Done Building Project "C:\Users\jack\Documents\GitHub\C--Project\c++direct2dapp\c++direct2dapp\c++direct2dapp.vcxproj" (Build target(s)).

Build succeeded.

Time Elapsed 00:00:01.04
