c:\users\jack\documents\github\c--project\c++direct2dapp\c++direct2dapp\debug\vc140.pdb
c:\users\jack\documents\github\c--project\c++direct2dapp\c++direct2dapp\debug\vc140.idb
c:\users\jack\documents\github\c--project\c++direct2dapp\c++direct2dapp\debug\ball.obj
c:\users\jack\documents\github\c--project\c++direct2dapp\c++direct2dapp\debug\camera.obj
c:\users\jack\documents\github\c--project\c++direct2dapp\c++direct2dapp\debug\gamecontroller.obj
c:\users\jack\documents\github\c--project\c++direct2dapp\c++direct2dapp\debug\gamelevel.obj
c:\users\jack\documents\github\c--project\c++direct2dapp\c++direct2dapp\debug\graphics.obj
c:\users\jack\documents\github\c--project\c++direct2dapp\c++direct2dapp\debug\platform.obj
c:\users\jack\documents\github\c--project\c++direct2dapp\c++direct2dapp\debug\player.obj
c:\users\jack\documents\github\c--project\c++direct2dapp\c++direct2dapp\debug\rectangle.obj
c:\users\jack\documents\github\c--project\c++direct2dapp\c++direct2dapp\debug\spritesheet.obj
c:\users\jack\documents\github\c--project\c++direct2dapp\c++direct2dapp\debug\level1.obj
c:\users\jack\documents\github\c--project\c++direct2dapp\c++direct2dapp\debug\main.obj
c:\users\jack\documents\github\c--project\c++direct2dapp\c++direct2dapp\debug\collisiondetection.obj
c:\users\jack\documents\github\c--project\c++direct2dapp\c++direct2dapp\debug\fireball.obj
c:\users\jack\documents\github\c--project\c++direct2dapp\c++direct2dapp\debug\spy.obj
c:\users\jack\documents\github\c--project\c++direct2dapp\c++direct2dapp\debug\gun.obj
c:\users\jack\documents\github\c--project\c++direct2dapp\c++direct2dapp\debug\beam.obj
c:\users\jack\documents\github\c--project\c++direct2dapp\c++direct2dapp\debug\button.obj
c:\users\jack\documents\github\c--project\c++direct2dapp\c++direct2dapp\debug\menu.obj
c:\users\jack\documents\github\c--project\c++direct2dapp\c++direct2dapp\debug\menubutton.obj
c:\users\jack\documents\github\c--project\c++direct2dapp\c++direct2dapp\debug\level1button.obj
c:\users\jack\documents\github\c--project\c++direct2dapp\c++direct2dapp\debug\exitbutton.obj
c:\users\jack\documents\github\c--project\c++direct2dapp\c++direct2dapp\debug\particle.obj
c:\users\jack\documents\github\c--project\c++direct2dapp\c++direct2dapp\debug\sparkparticle.obj
c:\users\jack\documents\github\c--project\c++direct2dapp\c++direct2dapp\debug\particlecollection.obj
c:\users\jack\documents\github\c--project\c++direct2dapp\c++direct2dapp\debug\smokeparticle.obj
c:\users\jack\documents\github\c--project\c++direct2dapp\debug\c++direct2dapp.ilk
c:\users\jack\documents\github\c--project\c++direct2dapp\debug\c++direct2dapp.exe
c:\users\jack\documents\github\c--project\c++direct2dapp\debug\c++direct2dapp.pdb
c:\users\jack\documents\github\c--project\c++direct2dapp\c++direct2dapp\debug\c++direct2dapp.tlog\cl.command.1.tlog
c:\users\jack\documents\github\c--project\c++direct2dapp\c++direct2dapp\debug\c++direct2dapp.tlog\cl.read.1.tlog
c:\users\jack\documents\github\c--project\c++direct2dapp\c++direct2dapp\debug\c++direct2dapp.tlog\cl.write.1.tlog
c:\users\jack\documents\github\c--project\c++direct2dapp\c++direct2dapp\debug\c++direct2dapp.tlog\link.command.1.tlog
c:\users\jack\documents\github\c--project\c++direct2dapp\c++direct2dapp\debug\c++direct2dapp.tlog\link.read.1.tlog
c:\users\jack\documents\github\c--project\c++direct2dapp\c++direct2dapp\debug\c++direct2dapp.tlog\link.write.1.tlog
