c:\users\jack\documents\github\c--project\c++direct2dapp\c++direct2dapp\soloud\lib\soloud_x86_d.pdb
c:\users\jack\documents\github\c--project\c++direct2dapp\c++direct2dapp\soloud\lib\soloud_x86_d.idb
c:\users\jack\documents\github\c--project\c++direct2dapp\c++direct2dapp\soloud\build\vs2015\debug\debug\soloudstatic\src\audiosource\modplug\soloud_modplug.obj
c:\users\jack\documents\github\c--project\c++direct2dapp\c++direct2dapp\soloud\build\vs2015\debug\debug\soloudstatic\src\audiosource\monotone\soloud_monotone.obj
c:\users\jack\documents\github\c--project\c++direct2dapp\c++direct2dapp\soloud\build\vs2015\debug\debug\soloudstatic\src\audiosource\sfxr\soloud_sfxr.obj
c:\users\jack\documents\github\c--project\c++direct2dapp\c++direct2dapp\soloud\build\vs2015\debug\debug\soloudstatic\src\audiosource\speech\darray.obj
c:\users\jack\documents\github\c--project\c++direct2dapp\c++direct2dapp\soloud\build\vs2015\debug\debug\soloudstatic\src\audiosource\speech\klatt.obj
c:\users\jack\documents\github\c--project\c++direct2dapp\c++direct2dapp\soloud\build\vs2015\debug\debug\soloudstatic\src\audiosource\speech\resonator.obj
c:\users\jack\documents\github\c--project\c++direct2dapp\c++direct2dapp\soloud\build\vs2015\debug\debug\soloudstatic\src\audiosource\speech\soloud_speech.obj
c:\users\jack\documents\github\c--project\c++direct2dapp\c++direct2dapp\soloud\build\vs2015\debug\debug\soloudstatic\src\audiosource\speech\tts.obj
c:\users\jack\documents\github\c--project\c++direct2dapp\c++direct2dapp\soloud\build\vs2015\debug\debug\soloudstatic\src\audiosource\tedsid\sid.obj
c:\users\jack\documents\github\c--project\c++direct2dapp\c++direct2dapp\soloud\build\vs2015\debug\debug\soloudstatic\src\audiosource\tedsid\soloud_tedsid.obj
c:\users\jack\documents\github\c--project\c++direct2dapp\c++direct2dapp\soloud\build\vs2015\debug\debug\soloudstatic\src\audiosource\tedsid\ted.obj
c:\users\jack\documents\github\c--project\c++direct2dapp\c++direct2dapp\soloud\build\vs2015\debug\debug\soloudstatic\src\audiosource\wav\soloud_wav.obj
c:\users\jack\documents\github\c--project\c++direct2dapp\c++direct2dapp\soloud\build\vs2015\debug\debug\soloudstatic\src\audiosource\wav\soloud_wavstream.obj
c:\users\jack\documents\github\c--project\c++direct2dapp\c++direct2dapp\soloud\build\vs2015\debug\debug\soloudstatic\src\audiosource\wav\stb_vorbis.obj
c:\users\jack\documents\github\c--project\c++direct2dapp\c++direct2dapp\soloud\build\vs2015\debug\debug\soloudstatic\src\filter\soloud_bassboostfilter.obj
c:\users\jack\documents\github\c--project\c++direct2dapp\c++direct2dapp\soloud\build\vs2015\debug\debug\soloudstatic\src\filter\soloud_biquadresonantfilter.obj
c:\users\jack\documents\github\c--project\c++direct2dapp\c++direct2dapp\soloud\build\vs2015\debug\debug\soloudstatic\src\filter\soloud_dcremovalfilter.obj
c:\users\jack\documents\github\c--project\c++direct2dapp\c++direct2dapp\soloud\build\vs2015\debug\debug\soloudstatic\src\filter\soloud_echofilter.obj
c:\users\jack\documents\github\c--project\c++direct2dapp\c++direct2dapp\soloud\build\vs2015\debug\debug\soloudstatic\src\filter\soloud_fftfilter.obj
c:\users\jack\documents\github\c--project\c++direct2dapp\c++direct2dapp\soloud\build\vs2015\debug\debug\soloudstatic\src\filter\soloud_flangerfilter.obj
c:\users\jack\documents\github\c--project\c++direct2dapp\c++direct2dapp\soloud\build\vs2015\debug\debug\soloudstatic\src\filter\soloud_lofifilter.obj
c:\users\jack\documents\github\c--project\c++direct2dapp\c++direct2dapp\soloud\build\vs2015\debug\debug\soloudstatic\src\core\soloud.obj
c:\users\jack\documents\github\c--project\c++direct2dapp\c++direct2dapp\soloud\build\vs2015\debug\debug\soloudstatic\src\core\soloud_audiosource.obj
c:\users\jack\documents\github\c--project\c++direct2dapp\c++direct2dapp\soloud\build\vs2015\debug\debug\soloudstatic\src\core\soloud_bus.obj
c:\users\jack\documents\github\c--project\c++direct2dapp\c++direct2dapp\soloud\build\vs2015\debug\debug\soloudstatic\src\core\soloud_core_3d.obj
c:\users\jack\documents\github\c--project\c++direct2dapp\c++direct2dapp\soloud\build\vs2015\debug\debug\soloudstatic\src\core\soloud_core_basicops.obj
c:\users\jack\documents\github\c--project\c++direct2dapp\c++direct2dapp\soloud\build\vs2015\debug\debug\soloudstatic\src\core\soloud_core_faderops.obj
c:\users\jack\documents\github\c--project\c++direct2dapp\c++direct2dapp\soloud\build\vs2015\debug\debug\soloudstatic\src\core\soloud_core_filterops.obj
c:\users\jack\documents\github\c--project\c++direct2dapp\c++direct2dapp\soloud\build\vs2015\debug\debug\soloudstatic\src\core\soloud_core_getters.obj
c:\users\jack\documents\github\c--project\c++direct2dapp\c++direct2dapp\soloud\build\vs2015\debug\debug\soloudstatic\src\core\soloud_core_setters.obj
c:\users\jack\documents\github\c--project\c++direct2dapp\c++direct2dapp\soloud\build\vs2015\debug\debug\soloudstatic\src\core\soloud_core_voicegroup.obj
c:\users\jack\documents\github\c--project\c++direct2dapp\c++direct2dapp\soloud\build\vs2015\debug\debug\soloudstatic\src\core\soloud_core_voiceops.obj
c:\users\jack\documents\github\c--project\c++direct2dapp\c++direct2dapp\soloud\build\vs2015\debug\debug\soloudstatic\soloudstatic.tlog\cl.command.1.tlog
c:\users\jack\documents\github\c--project\c++direct2dapp\c++direct2dapp\soloud\build\vs2015\debug\debug\soloudstatic\soloudstatic.tlog\cl.read.1.tlog
c:\users\jack\documents\github\c--project\c++direct2dapp\c++direct2dapp\soloud\build\vs2015\debug\debug\soloudstatic\soloudstatic.tlog\cl.write.1.tlog
